execve("/usr/bin/curl", ["curl", "duckduckgo.com"], 0x7ffeb9247ac8 /* 60 vars */) = 0
brk(NULL)                               = 0x56546922b000
arch_prctl(0x3001 /* ARCH_??? */, 0x7ffde757f8c0) = -1 EINVAL (Invalid argument)
openat(AT_FDCWD, "/usr/local/bin/libvpn.so", O_RDONLY|O_CLOEXEC) = 3
read(3, "\177ELF\2\1\1\0\0\0\0\0\0\0\0\0\3\0>\0\1\0\0\0\0\21\0\0\0\0\0\0"..., 832) = 832
fstat(3, {st_mode=S_IFREG|0755, st_size=16568, ...}) = 0
mmap(NULL, 8192, PROT_READ|PROT_WRITE, MAP_PRIVATE|MAP_ANONYMOUS, -1, 0) = 0x7fa3ac41a000
mmap(NULL, 16488, PROT_READ, MAP_PRIVATE|MAP_DENYWRITE, 3, 0) = 0x7fa3ac415000
mmap(0x7fa3ac416000, 4096, PROT_READ|PROT_EXEC, MAP_PRIVATE|MAP_FIXED|MAP_DENYWRITE, 3, 0x1000) = 0x7fa3ac416000
mmap(0x7fa3ac417000, 4096, PROT_READ, MAP_PRIVATE|MAP_FIXED|MAP_DENYWRITE, 3, 0x2000) = 0x7fa3ac417000
mmap(0x7fa3ac418000, 8192, PROT_READ|PROT_WRITE, MAP_PRIVATE|MAP_FIXED|MAP_DENYWRITE, 3, 0x2000) = 0x7fa3ac418000
close(3)                                = 0
access("/etc/ld.so.preload", R_OK)      = -1 ENOENT (No such file or directory)
openat(AT_FDCWD, "/etc/ld.so.cache", O_RDONLY|O_CLOEXEC) = 3
fstat(3, {st_mode=S_IFREG|0644, st_size=127198, ...}) = 0
mmap(NULL, 127198, PROT_READ, MAP_PRIVATE, 3, 0) = 0x7fa3ac3f5000
close(3)                                = 0
openat(AT_FDCWD, "/lib/x86_64-linux-gnu/libcurl.so.4", O_RDONLY|O_CLOEXEC) = 3
read(3, "\177ELF\2\1\1\0\0\0\0\0\0\0\0\0\3\0>\0\1\0\0\0\300\t\1\0\0\0\0\0"..., 832) = 832
fstat(3, {st_mode=S_IFREG|0644, st_size=588424, ...}) = 0
mmap(NULL, 591432, PROT_READ, MAP_PRIVATE|MAP_DENYWRITE, 3, 0) = 0x7fa3ac364000
mmap(0x7fa3ac371000, 409600, PROT_READ|PROT_EXEC, MAP_PRIVATE|MAP_FIXED|MAP_DENYWRITE, 3, 0xd000) = 0x7fa3ac371000
mmap(0x7fa3ac3d5000, 110592, PROT_READ, MAP_PRIVATE|MAP_FIXED|MAP_DENYWRITE, 3, 0x71000) = 0x7fa3ac3d5000
mmap(0x7fa3ac3f0000, 20480, PROT_READ|PROT_WRITE, MAP_PRIVATE|MAP_FIXED|MAP_DENYWRITE, 3, 0x8b000) = 0x7fa3ac3f0000
close(3)                                = 0
openat(AT_FDCWD, "/lib/x86_64-linux-gnu/libz.so.1", O_RDONLY|O_CLOEXEC) = 3
read(3, "\177ELF\2\1\1\3\0\0\0\0\0\0\0\0\3\0>\0\1\0\0\0\200\"\0\0\0\0\0\0"..., 832) = 832
fstat(3, {st_mode=S_IFREG|0644, st_size=108936, ...}) = 0
mmap(NULL, 110776, PROT_READ, MAP_PRIVATE|MAP_DENYWRITE, 3, 0) = 0x7fa3ac348000
mprotect(0x7fa3ac34a000, 98304, PROT_NONE) = 0
mmap(0x7fa3ac34a000, 69632, PROT_READ|PROT_EXEC, MAP_PRIVATE|MAP_FIXED|MAP_DENYWRITE, 3, 0x2000) = 0x7fa3ac34a000
mmap(0x7fa3ac35b000, 24576, PROT_READ, MAP_PRIVATE|MAP_FIXED|MAP_DENYWRITE, 3, 0x13000) = 0x7fa3ac35b000
mmap(0x7fa3ac362000, 8192, PROT_READ|PROT_WRITE, MAP_PRIVATE|MAP_FIXED|MAP_DENYWRITE, 3, 0x19000) = 0x7fa3ac362000
close(3)                                = 0
openat(AT_FDCWD, "/lib/x86_64-linux-gnu/libpthread.so.0", O_RDONLY|O_CLOEXEC) = 3
read(3, "\177ELF\2\1\1\0\0\0\0\0\0\0\0\0\3\0>\0\1\0\0\0\220\201\0\0\0\0\0\0"..., 832) = 832
pread64(3, "\4\0\0\0\24\0\0\0\3\0\0\0GNU\0O\305\3743\364B\2216\244\224\306@\261\23\327o"..., 68, 824) = 68
fstat(3, {st_mode=S_IFREG|0755, st_size=157224, ...}) = 0
pread64(3, "\4\0\0\0\24\0\0\0\3\0\0\0GNU\0O\305\3743\364B\2216\244\224\306@\261\23\327o"..., 68, 824) = 68
mmap(NULL, 140408, PROT_READ, MAP_PRIVATE|MAP_DENYWRITE, 3, 0) = 0x7fa3ac325000
mmap(0x7fa3ac32c000, 69632, PROT_READ|PROT_EXEC, MAP_PRIVATE|MAP_FIXED|MAP_DENYWRITE, 3, 0x7000) = 0x7fa3ac32c000
mmap(0x7fa3ac33d000, 20480, PROT_READ, MAP_PRIVATE|MAP_FIXED|MAP_DENYWRITE, 3, 0x18000) = 0x7fa3ac33d000
mmap(0x7fa3ac342000, 8192, PROT_READ|PROT_WRITE, MAP_PRIVATE|MAP_FIXED|MAP_DENYWRITE, 3, 0x1c000) = 0x7fa3ac342000
mmap(0x7fa3ac344000, 13432, PROT_READ|PROT_WRITE, MAP_PRIVATE|MAP_FIXED|MAP_ANONYMOUS, -1, 0) = 0x7fa3ac344000
close(3)                                = 0
openat(AT_FDCWD, "/lib/x86_64-linux-gnu/libc.so.6", O_RDONLY|O_CLOEXEC) = 3
read(3, "\177ELF\2\1\1\3\0\0\0\0\0\0\0\0\3\0>\0\1\0\0\0\360q\2\0\0\0\0\0"..., 832) = 832
pread64(3, "\6\0\0\0\4\0\0\0@\0\0\0\0\0\0\0@\0\0\0\0\0\0\0@\0\0\0\0\0\0\0"..., 784, 64) = 784
pread64(3, "\4\0\0\0\20\0\0\0\5\0\0\0GNU\0\2\0\0\300\4\0\0\0\3\0\0\0\0\0\0\0", 32, 848) = 32
pread64(3, "\4\0\0\0\24\0\0\0\3\0\0\0GNU\0\363\377?\332\200\270\27\304d\245n\355Y\377\t\334"..., 68, 880) = 68
fstat(3, {st_mode=S_IFREG|0755, st_size=2029224, ...}) = 0
pread64(3, "\6\0\0\0\4\0\0\0@\0\0\0\0\0\0\0@\0\0\0\0\0\0\0@\0\0\0\0\0\0\0"..., 784, 64) = 784
pread64(3, "\4\0\0\0\20\0\0\0\5\0\0\0GNU\0\2\0\0\300\4\0\0\0\3\0\0\0\0\0\0\0", 32, 848) = 32
pread64(3, "\4\0\0\0\24\0\0\0\3\0\0\0GNU\0\363\377?\332\200\270\27\304d\245n\355Y\377\t\334"..., 68, 880) = 68
mmap(NULL, 2036952, PROT_READ, MAP_PRIVATE|MAP_DENYWRITE, 3, 0) = 0x7fa3ac133000
mprotect(0x7fa3ac158000, 1847296, PROT_NONE) = 0
mmap(0x7fa3ac158000, 1540096, PROT_READ|PROT_EXEC, MAP_PRIVATE|MAP_FIXED|MAP_DENYWRITE, 3, 0x25000) = 0x7fa3ac158000
mmap(0x7fa3ac2d0000, 303104, PROT_READ, MAP_PRIVATE|MAP_FIXED|MAP_DENYWRITE, 3, 0x19d000) = 0x7fa3ac2d0000
mmap(0x7fa3ac31b000, 24576, PROT_READ|PROT_WRITE, MAP_PRIVATE|MAP_FIXED|MAP_DENYWRITE, 3, 0x1e7000) = 0x7fa3ac31b000
mmap(0x7fa3ac321000, 13528, PROT_READ|PROT_WRITE, MAP_PRIVATE|MAP_FIXED|MAP_ANONYMOUS, -1, 0) = 0x7fa3ac321000
close(3)                                = 0
openat(AT_FDCWD, "/lib/x86_64-linux-gnu/libdl.so.2", O_RDONLY|O_CLOEXEC) = 3
read(3, "\177ELF\2\1\1\0\0\0\0\0\0\0\0\0\3\0>\0\1\0\0\0 \22\0\0\0\0\0\0"..., 832) = 832
fstat(3, {st_mode=S_IFREG|0644, st_size=18816, ...}) = 0
mmap(NULL, 20752, PROT_READ, MAP_PRIVATE|MAP_DENYWRITE, 3, 0) = 0x7fa3ac12d000
mmap(0x7fa3ac12e000, 8192, PROT_READ|PROT_EXEC, MAP_PRIVATE|MAP_FIXED|MAP_DENYWRITE, 3, 0x1000) = 0x7fa3ac12e000
mmap(0x7fa3ac130000, 4096, PROT_READ, MAP_PRIVATE|MAP_FIXED|MAP_DENYWRITE, 3, 0x3000) = 0x7fa3ac130000
mmap(0x7fa3ac131000, 8192, PROT_READ|PROT_WRITE, MAP_PRIVATE|MAP_FIXED|MAP_DENYWRITE, 3, 0x3000) = 0x7fa3ac131000
close(3)                                = 0
openat(AT_FDCWD, "/lib/x86_64-linux-gnu/libnghttp2.so.14", O_RDONLY|O_CLOEXEC) = 3
read(3, "\177ELF\2\1\1\0\0\0\0\0\0\0\0\0\3\0>\0\1\0\0\0\340Q\0\0\0\0\0\0"..., 832) = 832
fstat(3, {st_mode=S_IFREG|0644, st_size=162160, ...}) = 0
mmap(NULL, 8192, PROT_READ|PROT_WRITE, MAP_PRIVATE|MAP_ANONYMOUS, -1, 0) = 0x7fa3ac12b000
mmap(NULL, 164080, PROT_READ, MAP_PRIVATE|MAP_DENYWRITE, 3, 0) = 0x7fa3ac102000
mmap(0x7fa3ac107000, 77824, PROT_READ|PROT_EXEC, MAP_PRIVATE|MAP_FIXED|MAP_DENYWRITE, 3, 0x5000) = 0x7fa3ac107000
mmap(0x7fa3ac11a000, 53248, PROT_READ, MAP_PRIVATE|MAP_FIXED|MAP_DENYWRITE, 3, 0x18000) = 0x7fa3ac11a000
mmap(0x7fa3ac127000, 16384, PROT_READ|PROT_WRITE, MAP_PRIVATE|MAP_FIXED|MAP_DENYWRITE, 3, 0x24000) = 0x7fa3ac127000
close(3)                                = 0
openat(AT_FDCWD, "/lib/x86_64-linux-gnu/libidn2.so.0", O_RDONLY|O_CLOEXEC) = 3
read(3, "\177ELF\2\1\1\0\0\0\0\0\0\0\0\0\3\0>\0\1\0\0\0\240$\0\0\0\0\0\0"..., 832) = 832
fstat(3, {st_mode=S_IFREG|0644, st_size=129096, ...}) = 0
mmap(NULL, 131096, PROT_READ, MAP_PRIVATE|MAP_DENYWRITE, 3, 0) = 0x7fa3ac0e1000
mprotect(0x7fa3ac0e3000, 118784, PROT_NONE) = 0
mmap(0x7fa3ac0e3000, 20480, PROT_READ|PROT_EXEC, MAP_PRIVATE|MAP_FIXED|MAP_DENYWRITE, 3, 0x2000) = 0x7fa3ac0e3000
mmap(0x7fa3ac0e8000, 94208, PROT_READ, MAP_PRIVATE|MAP_FIXED|MAP_DENYWRITE, 3, 0x7000) = 0x7fa3ac0e8000
mmap(0x7fa3ac100000, 8192, PROT_READ|PROT_WRITE, MAP_PRIVATE|MAP_FIXED|MAP_DENYWRITE, 3, 0x1e000) = 0x7fa3ac100000
close(3)                                = 0
openat(AT_FDCWD, "/lib/x86_64-linux-gnu/librtmp.so.1", O_RDONLY|O_CLOEXEC) = 3
read(3, "\177ELF\2\1\1\0\0\0\0\0\0\0\0\0\3\0>\0\1\0\0\0\200]\0\0\0\0\0\0"..., 832) = 832
fstat(3, {st_mode=S_IFREG|0644, st_size=125960, ...}) = 0
mmap(NULL, 127920, PROT_READ, MAP_PRIVATE|MAP_DENYWRITE, 3, 0) = 0x7fa3ac0c1000
mprotect(0x7fa3ac0c6000, 102400, PROT_NONE) = 0
mmap(0x7fa3ac0c6000, 69632, PROT_READ|PROT_EXEC, MAP_PRIVATE|MAP_FIXED|MAP_DENYWRITE, 3, 0x5000) = 0x7fa3ac0c6000
mmap(0x7fa3ac0d7000, 28672, PROT_READ, MAP_PRIVATE|MAP_FIXED|MAP_DENYWRITE, 3, 0x16000) = 0x7fa3ac0d7000
mmap(0x7fa3ac0df000, 8192, PROT_READ|PROT_WRITE, MAP_PRIVATE|MAP_FIXED|MAP_DENYWRITE, 3, 0x1d000) = 0x7fa3ac0df000
close(3)                                = 0
openat(AT_FDCWD, "/lib/x86_64-linux-gnu/libssh.so.4", O_RDONLY|O_CLOEXEC) = 3
read(3, "\177ELF\2\1\1\0\0\0\0\0\0\0\0\0\3\0>\0\1\0\0\0\340\364\0\0\0\0\0\0"..., 832) = 832
fstat(3, {st_mode=S_IFREG|0644, st_size=445976, ...}) = 0
mmap(NULL, 447904, PROT_READ, MAP_PRIVATE|MAP_DENYWRITE, 3, 0) = 0x7fa3ac053000
mprotect(0x7fa3ac060000, 380928, PROT_NONE) = 0
mmap(0x7fa3ac060000, 266240, PROT_READ|PROT_EXEC, MAP_PRIVATE|MAP_FIXED|MAP_DENYWRITE, 3, 0xd000) = 0x7fa3ac060000
mmap(0x7fa3ac0a1000, 110592, PROT_READ, MAP_PRIVATE|MAP_FIXED|MAP_DENYWRITE, 3, 0x4e000) = 0x7fa3ac0a1000
mmap(0x7fa3ac0bd000, 16384, PROT_READ|PROT_WRITE, MAP_PRIVATE|MAP_FIXED|MAP_DENYWRITE, 3, 0x69000) = 0x7fa3ac0bd000
close(3)                                = 0
openat(AT_FDCWD, "/lib/x86_64-linux-gnu/libpsl.so.5", O_RDONLY|O_CLOEXEC) = 3
read(3, "\177ELF\2\1\1\0\0\0\0\0\0\0\0\0\3\0>\0\1\0\0\0\300#\0\0\0\0\0\0"..., 832) = 832
fstat(3, {st_mode=S_IFREG|0644, st_size=71672, ...}) = 0
mmap(NULL, 73744, PROT_READ, MAP_PRIVATE|MAP_DENYWRITE, 3, 0) = 0x7fa3ac040000
mmap(0x7fa3ac042000, 8192, PROT_READ|PROT_EXEC, MAP_PRIVATE|MAP_FIXED|MAP_DENYWRITE, 3, 0x2000) = 0x7fa3ac042000
mmap(0x7fa3ac044000, 53248, PROT_READ, MAP_PRIVATE|MAP_FIXED|MAP_DENYWRITE, 3, 0x4000) = 0x7fa3ac044000
mmap(0x7fa3ac051000, 8192, PROT_READ|PROT_WRITE, MAP_PRIVATE|MAP_FIXED|MAP_DENYWRITE, 3, 0x10000) = 0x7fa3ac051000
close(3)                                = 0
openat(AT_FDCWD, "/lib/x86_64-linux-gnu/libssl.so.1.1", O_RDONLY|O_CLOEXEC) = 3
read(3, "\177ELF\2\1\1\0\0\0\0\0\0\0\0\0\3\0>\0\1\0\0\0p\367\1\0\0\0\0\0"..., 832) = 832
fstat(3, {st_mode=S_IFREG|0644, st_size=598104, ...}) = 0
mmap(NULL, 600368, PROT_READ, MAP_PRIVATE|MAP_DENYWRITE, 3, 0) = 0x7fa3abfad000
mprotect(0x7fa3abfc9000, 434176, PROT_NONE) = 0
mmap(0x7fa3abfc9000, 323584, PROT_READ|PROT_EXEC, MAP_PRIVATE|MAP_FIXED|MAP_DENYWRITE, 3, 0x1c000) = 0x7fa3abfc9000
mmap(0x7fa3ac018000, 106496, PROT_READ, MAP_PRIVATE|MAP_FIXED|MAP_DENYWRITE, 3, 0x6b000) = 0x7fa3ac018000
mmap(0x7fa3ac033000, 53248, PROT_READ|PROT_WRITE, MAP_PRIVATE|MAP_FIXED|MAP_DENYWRITE, 3, 0x85000) = 0x7fa3ac033000
close(3)                                = 0
openat(AT_FDCWD, "/lib/x86_64-linux-gnu/libcrypto.so.1.1", O_RDONLY|O_CLOEXEC) = 3
read(3, "\177ELF\2\1\1\0\0\0\0\0\0\0\0\0\3\0>\0\1\0\0\0\0\220\7\0\0\0\0\0"..., 832) = 832
fstat(3, {st_mode=S_IFREG|0644, st_size=2954080, ...}) = 0
mmap(NULL, 8192, PROT_READ|PROT_WRITE, MAP_PRIVATE|MAP_ANONYMOUS, -1, 0) = 0x7fa3abfab000
mmap(NULL, 2973600, PROT_READ, MAP_PRIVATE|MAP_DENYWRITE, 3, 0) = 0x7fa3abcd5000
mmap(0x7fa3abd4d000, 1683456, PROT_READ|PROT_EXEC, MAP_PRIVATE|MAP_FIXED|MAP_DENYWRITE, 3, 0x78000) = 0x7fa3abd4d000
mmap(0x7fa3abee8000, 593920, PROT_READ, MAP_PRIVATE|MAP_FIXED|MAP_DENYWRITE, 3, 0x213000) = 0x7fa3abee8000
mmap(0x7fa3abf79000, 188416, PROT_READ|PROT_WRITE, MAP_PRIVATE|MAP_FIXED|MAP_DENYWRITE, 3, 0x2a3000) = 0x7fa3abf79000
mmap(0x7fa3abfa7000, 16288, PROT_READ|PROT_WRITE, MAP_PRIVATE|MAP_FIXED|MAP_ANONYMOUS, -1, 0) = 0x7fa3abfa7000
close(3)                                = 0
openat(AT_FDCWD, "/lib/x86_64-linux-gnu/libgssapi_krb5.so.2", O_RDONLY|O_CLOEXEC) = 3
read(3, "\177ELF\2\1\1\0\0\0\0\0\0\0\0\0\3\0>\0\1\0\0\0P\321\0\0\0\0\0\0"..., 832) = 832
fstat(3, {st_mode=S_IFREG|0644, st_size=309712, ...}) = 0
mmap(NULL, 312128, PROT_READ, MAP_PRIVATE|MAP_DENYWRITE, 3, 0) = 0x7fa3abc88000
mmap(0x7fa3abc93000, 204800, PROT_READ|PROT_EXEC, MAP_PRIVATE|MAP_FIXED|MAP_DENYWRITE, 3, 0xb000) = 0x7fa3abc93000
mmap(0x7fa3abcc5000, 49152, PROT_READ, MAP_PRIVATE|MAP_FIXED|MAP_DENYWRITE, 3, 0x3d000) = 0x7fa3abcc5000
mmap(0x7fa3abcd1000, 16384, PROT_READ|PROT_WRITE, MAP_PRIVATE|MAP_FIXED|MAP_DENYWRITE, 3, 0x48000) = 0x7fa3abcd1000
close(3)                                = 0
openat(AT_FDCWD, "/lib/x86_64-linux-gnu/libldap_r-2.4.so.2", O_RDONLY|O_CLOEXEC) = 3
read(3, "\177ELF\2\1\1\0\0\0\0\0\0\0\0\0\3\0>\0\1\0\0\0@\356\0\0\0\0\0\0"..., 832) = 832
fstat(3, {st_mode=S_IFREG|0644, st_size=339472, ...}) = 0
mmap(NULL, 351048, PROT_READ, MAP_PRIVATE|MAP_DENYWRITE, 3, 0) = 0x7fa3abc32000
mprotect(0x7fa3abc3f000, 278528, PROT_NONE) = 0
mmap(0x7fa3abc3f000, 212992, PROT_READ|PROT_EXEC, MAP_PRIVATE|MAP_FIXED|MAP_DENYWRITE, 3, 0xd000) = 0x7fa3abc3f000
mmap(0x7fa3abc73000, 61440, PROT_READ, MAP_PRIVATE|MAP_FIXED|MAP_DENYWRITE, 3, 0x41000) = 0x7fa3abc73000
mmap(0x7fa3abc83000, 12288, PROT_READ|PROT_WRITE, MAP_PRIVATE|MAP_FIXED|MAP_DENYWRITE, 3, 0x50000) = 0x7fa3abc83000
mmap(0x7fa3abc86000, 6984, PROT_READ|PROT_WRITE, MAP_PRIVATE|MAP_FIXED|MAP_ANONYMOUS, -1, 0) = 0x7fa3abc86000
close(3)                                = 0
openat(AT_FDCWD, "/lib/x86_64-linux-gnu/liblber-2.4.so.2", O_RDONLY|O_CLOEXEC) = 3
read(3, "\177ELF\2\1\1\0\0\0\0\0\0\0\0\0\3\0>\0\1\0\0\0\3003\0\0\0\0\0\0"..., 832) = 832
fstat(3, {st_mode=S_IFREG|0644, st_size=63888, ...}) = 0
mmap(NULL, 66024, PROT_READ, MAP_PRIVATE|MAP_DENYWRITE, 3, 0) = 0x7fa3abc21000
mprotect(0x7fa3abc24000, 49152, PROT_NONE) = 0
mmap(0x7fa3abc24000, 32768, PROT_READ|PROT_EXEC, MAP_PRIVATE|MAP_FIXED|MAP_DENYWRITE, 3, 0x3000) = 0x7fa3abc24000
mmap(0x7fa3abc2c000, 12288, PROT_READ, MAP_PRIVATE|MAP_FIXED|MAP_DENYWRITE, 3, 0xb000) = 0x7fa3abc2c000
mmap(0x7fa3abc30000, 8192, PROT_READ|PROT_WRITE, MAP_PRIVATE|MAP_FIXED|MAP_DENYWRITE, 3, 0xe000) = 0x7fa3abc30000
close(3)                                = 0
openat(AT_FDCWD, "/lib/x86_64-linux-gnu/libbrotlidec.so.1", O_RDONLY|O_CLOEXEC) = 3
read(3, "\177ELF\2\1\1\0\0\0\0\0\0\0\0\0\3\0>\0\1\0\0\0@\21\0\0\0\0\0\0"..., 832) = 832
fstat(3, {st_mode=S_IFREG|0644, st_size=51512, ...}) = 0
mmap(NULL, 53352, PROT_READ, MAP_PRIVATE|MAP_DENYWRITE, 3, 0) = 0x7fa3abc13000
mmap(0x7fa3abc14000, 32768, PROT_READ|PROT_EXEC, MAP_PRIVATE|MAP_FIXED|MAP_DENYWRITE, 3, 0x1000) = 0x7fa3abc14000
mmap(0x7fa3abc1c000, 12288, PROT_READ, MAP_PRIVATE|MAP_FIXED|MAP_DENYWRITE, 3, 0x9000) = 0x7fa3abc1c000
mmap(0x7fa3abc1f000, 8192, PROT_READ|PROT_WRITE, MAP_PRIVATE|MAP_FIXED|MAP_DENYWRITE, 3, 0xb000) = 0x7fa3abc1f000
close(3)                                = 0
openat(AT_FDCWD, "/lib/x86_64-linux-gnu/libunistring.so.2", O_RDONLY|O_CLOEXEC) = 3
read(3, "\177ELF\2\1\1\0\0\0\0\0\0\0\0\0\3\0>\0\1\0\0\0@\10\1\0\0\0\0\0"..., 832) = 832
fstat(3, {st_mode=S_IFREG|0644, st_size=1575112, ...}) = 0
mmap(NULL, 8192, PROT_READ|PROT_WRITE, MAP_PRIVATE|MAP_ANONYMOUS, -1, 0) = 0x7fa3abc11000
mmap(NULL, 1579272, PROT_READ, MAP_PRIVATE|MAP_DENYWRITE, 3, 0) = 0x7fa3aba8f000
mprotect(0x7fa3aba9f000, 1499136, PROT_NONE) = 0
mmap(0x7fa3aba9f000, 221184, PROT_READ|PROT_EXEC, MAP_PRIVATE|MAP_FIXED|MAP_DENYWRITE, 3, 0x10000) = 0x7fa3aba9f000
mmap(0x7fa3abad5000, 1273856, PROT_READ, MAP_PRIVATE|MAP_FIXED|MAP_DENYWRITE, 3, 0x46000) = 0x7fa3abad5000
mmap(0x7fa3abc0d000, 16384, PROT_READ|PROT_WRITE, MAP_PRIVATE|MAP_FIXED|MAP_DENYWRITE, 3, 0x17d000) = 0x7fa3abc0d000
close(3)                                = 0
openat(AT_FDCWD, "/lib/x86_64-linux-gnu/libgnutls.so.30", O_RDONLY|O_CLOEXEC) = 3
read(3, "\177ELF\2\1\1\0\0\0\0\0\0\0\0\0\3\0>\0\1\0\0\0\200\4\3\0\0\0\0\0"..., 832) = 832
fstat(3, {st_mode=S_IFREG|0644, st_size=1914336, ...}) = 0
mmap(NULL, 1922664, PROT_READ, MAP_PRIVATE|MAP_DENYWRITE, 3, 0) = 0x7fa3ab8b9000
mprotect(0x7fa3ab8e8000, 1654784, PROT_NONE) = 0
mmap(0x7fa3ab8e8000, 1187840, PROT_READ|PROT_EXEC, MAP_PRIVATE|MAP_FIXED|MAP_DENYWRITE, 3, 0x2f000) = 0x7fa3ab8e8000
mmap(0x7fa3aba0a000, 462848, PROT_READ, MAP_PRIVATE|MAP_FIXED|MAP_DENYWRITE, 3, 0x151000) = 0x7fa3aba0a000
mmap(0x7fa3aba7c000, 69632, PROT_READ|PROT_WRITE, MAP_PRIVATE|MAP_FIXED|MAP_DENYWRITE, 3, 0x1c2000) = 0x7fa3aba7c000
mmap(0x7fa3aba8d000, 5736, PROT_READ|PROT_WRITE, MAP_PRIVATE|MAP_FIXED|MAP_ANONYMOUS, -1, 0) = 0x7fa3aba8d000
close(3)                                = 0
openat(AT_FDCWD, "/lib/x86_64-linux-gnu/libhogweed.so.5", O_RDONLY|O_CLOEXEC) = 3
read(3, "\177ELF\2\1\1\0\0\0\0\0\0\0\0\0\3\0>\0\1\0\0\0 v\0\0\0\0\0\0"..., 832) = 832
fstat(3, {st_mode=S_IFREG|0644, st_size=224072, ...}) = 0
mmap(NULL, 226072, PROT_READ, MAP_PRIVATE|MAP_DENYWRITE, 3, 0) = 0x7fa3ab881000
mmap(0x7fa3ab888000, 69632, PROT_READ|PROT_EXEC, MAP_PRIVATE|MAP_FIXED|MAP_DENYWRITE, 3, 0x7000) = 0x7fa3ab888000
mmap(0x7fa3ab899000, 122880, PROT_READ, MAP_PRIVATE|MAP_FIXED|MAP_DENYWRITE, 3, 0x18000) = 0x7fa3ab899000
mmap(0x7fa3ab8b7000, 8192, PROT_READ|PROT_WRITE, MAP_PRIVATE|MAP_FIXED|MAP_DENYWRITE, 3, 0x35000) = 0x7fa3ab8b7000
close(3)                                = 0
openat(AT_FDCWD, "/lib/x86_64-linux-gnu/libnettle.so.7", O_RDONLY|O_CLOEXEC) = 3
read(3, "\177ELF\2\1\1\0\0\0\0\0\0\0\0\0\3\0>\0\1\0\0\0\340\220\0\0\0\0\0\0"..., 832) = 832
fstat(3, {st_mode=S_IFREG|0644, st_size=231592, ...}) = 0
mmap(NULL, 233592, PROT_READ, MAP_PRIVATE|MAP_DENYWRITE, 3, 0) = 0x7fa3ab847000
mmap(0x7fa3ab850000, 122880, PROT_READ|PROT_EXEC, MAP_PRIVATE|MAP_FIXED|MAP_DENYWRITE, 3, 0x9000) = 0x7fa3ab850000
mmap(0x7fa3ab86e000, 65536, PROT_READ, MAP_PRIVATE|MAP_FIXED|MAP_DENYWRITE, 3, 0x27000) = 0x7fa3ab86e000
mmap(0x7fa3ab87e000, 12288, PROT_READ|PROT_WRITE, MAP_PRIVATE|MAP_FIXED|MAP_DENYWRITE, 3, 0x36000) = 0x7fa3ab87e000
close(3)                                = 0
openat(AT_FDCWD, "/lib/x86_64-linux-gnu/libgmp.so.10", O_RDONLY|O_CLOEXEC) = 3
read(3, "\177ELF\2\1\1\0\0\0\0\0\0\0\0\0\3\0>\0\1\0\0\0@\242\0\0\0\0\0\0"..., 832) = 832
fstat(3, {st_mode=S_IFREG|0644, st_size=534880, ...}) = 0
mmap(NULL, 537024, PROT_READ, MAP_PRIVATE|MAP_DENYWRITE, 3, 0) = 0x7fa3ab7c3000
mprotect(0x7fa3ab7cd000, 491520, PROT_NONE) = 0
mmap(0x7fa3ab7cd000, 393216, PROT_READ|PROT_EXEC, MAP_PRIVATE|MAP_FIXED|MAP_DENYWRITE, 3, 0xa000) = 0x7fa3ab7cd000
mmap(0x7fa3ab82d000, 94208, PROT_READ, MAP_PRIVATE|MAP_FIXED|MAP_DENYWRITE, 3, 0x6a000) = 0x7fa3ab82d000
mmap(0x7fa3ab845000, 8192, PROT_READ|PROT_WRITE, MAP_PRIVATE|MAP_FIXED|MAP_DENYWRITE, 3, 0x81000) = 0x7fa3ab845000
close(3)                                = 0
openat(AT_FDCWD, "/lib/x86_64-linux-gnu/libkrb5.so.3", O_RDONLY|O_CLOEXEC) = 3
read(3, "\177ELF\2\1\1\0\0\0\0\0\0\0\0\0\3\0>\0\1\0\0\0 ?\2\0\0\0\0\0"..., 832) = 832
fstat(3, {st_mode=S_IFREG|0644, st_size=902016, ...}) = 0
mmap(NULL, 8192, PROT_READ|PROT_WRITE, MAP_PRIVATE|MAP_ANONYMOUS, -1, 0) = 0x7fa3ab7c1000
mmap(NULL, 904640, PROT_READ, MAP_PRIVATE|MAP_DENYWRITE, 3, 0) = 0x7fa3ab6e4000
mprotect(0x7fa3ab706000, 700416, PROT_NONE) = 0
mmap(0x7fa3ab706000, 397312, PROT_READ|PROT_EXEC, MAP_PRIVATE|MAP_FIXED|MAP_DENYWRITE, 3, 0x22000) = 0x7fa3ab706000
mmap(0x7fa3ab767000, 299008, PROT_READ, MAP_PRIVATE|MAP_FIXED|MAP_DENYWRITE, 3, 0x83000) = 0x7fa3ab767000
mmap(0x7fa3ab7b1000, 65536, PROT_READ|PROT_WRITE, MAP_PRIVATE|MAP_FIXED|MAP_DENYWRITE, 3, 0xcc000) = 0x7fa3ab7b1000
close(3)                                = 0
openat(AT_FDCWD, "/lib/x86_64-linux-gnu/libk5crypto.so.3", O_RDONLY|O_CLOEXEC) = 3
read(3, "\177ELF\2\1\1\0\0\0\0\0\0\0\0\0\3\0>\0\1\0\0\0\240D\0\0\0\0\0\0"..., 832) = 832
fstat(3, {st_mode=S_IFREG|0644, st_size=191040, ...}) = 0
mmap(NULL, 196696, PROT_READ, MAP_PRIVATE|MAP_DENYWRITE, 3, 0) = 0x7fa3ab6b3000
mprotect(0x7fa3ab6b7000, 172032, PROT_NONE) = 0
mmap(0x7fa3ab6b7000, 114688, PROT_READ|PROT_EXEC, MAP_PRIVATE|MAP_FIXED|MAP_DENYWRITE, 3, 0x4000) = 0x7fa3ab6b7000
mmap(0x7fa3ab6d3000, 53248, PROT_READ, MAP_PRIVATE|MAP_FIXED|MAP_DENYWRITE, 3, 0x20000) = 0x7fa3ab6d3000
mmap(0x7fa3ab6e1000, 8192, PROT_READ|PROT_WRITE, MAP_PRIVATE|MAP_FIXED|MAP_DENYWRITE, 3, 0x2d000) = 0x7fa3ab6e1000
mmap(0x7fa3ab6e3000, 88, PROT_READ|PROT_WRITE, MAP_PRIVATE|MAP_FIXED|MAP_ANONYMOUS, -1, 0) = 0x7fa3ab6e3000
close(3)                                = 0
openat(AT_FDCWD, "/lib/x86_64-linux-gnu/libcom_err.so.2", O_RDONLY|O_CLOEXEC) = 3
read(3, "\177ELF\2\1\1\0\0\0\0\0\0\0\0\0\3\0>\0\1\0\0\0\200$\0\0\0\0\0\0"..., 832) = 832
fstat(3, {st_mode=S_IFREG|0644, st_size=22600, ...}) = 0
mmap(NULL, 24744, PROT_READ, MAP_PRIVATE|MAP_DENYWRITE, 3, 0) = 0x7fa3ab6ac000
mmap(0x7fa3ab6ae000, 8192, PROT_READ|PROT_EXEC, MAP_PRIVATE|MAP_FIXED|MAP_DENYWRITE, 3, 0x2000) = 0x7fa3ab6ae000
mmap(0x7fa3ab6b0000, 4096, PROT_READ, MAP_PRIVATE|MAP_FIXED|MAP_DENYWRITE, 3, 0x4000) = 0x7fa3ab6b0000
mmap(0x7fa3ab6b1000, 8192, PROT_READ|PROT_WRITE, MAP_PRIVATE|MAP_FIXED|MAP_DENYWRITE, 3, 0x4000) = 0x7fa3ab6b1000
close(3)                                = 0
openat(AT_FDCWD, "/lib/x86_64-linux-gnu/libkrb5support.so.0", O_RDONLY|O_CLOEXEC) = 3
read(3, "\177ELF\2\1\1\0\0\0\0\0\0\0\0\0\3\0>\0\1\0\0\0\3605\0\0\0\0\0\0"..., 832) = 832
fstat(3, {st_mode=S_IFREG|0644, st_size=56096, ...}) = 0
mmap(NULL, 58344, PROT_READ, MAP_PRIVATE|MAP_DENYWRITE, 3, 0) = 0x7fa3ab69d000
mmap(0x7fa3ab6a0000, 28672, PROT_READ|PROT_EXEC, MAP_PRIVATE|MAP_FIXED|MAP_DENYWRITE, 3, 0x3000) = 0x7fa3ab6a0000
mmap(0x7fa3ab6a7000, 12288, PROT_READ, MAP_PRIVATE|MAP_FIXED|MAP_DENYWRITE, 3, 0xa000) = 0x7fa3ab6a7000
mmap(0x7fa3ab6aa000, 8192, PROT_READ|PROT_WRITE, MAP_PRIVATE|MAP_FIXED|MAP_DENYWRITE, 3, 0xc000) = 0x7fa3ab6aa000
close(3)                                = 0
openat(AT_FDCWD, "/lib/x86_64-linux-gnu/libresolv.so.2", O_RDONLY|O_CLOEXEC) = 3
read(3, "\177ELF\2\1\1\0\0\0\0\0\0\0\0\0\3\0>\0\1\0\0\0 G\0\0\0\0\0\0"..., 832) = 832
fstat(3, {st_mode=S_IFREG|0644, st_size=101320, ...}) = 0
mmap(NULL, 113280, PROT_READ, MAP_PRIVATE|MAP_DENYWRITE, 3, 0) = 0x7fa3ab681000
mprotect(0x7fa3ab685000, 81920, PROT_NONE) = 0
mmap(0x7fa3ab685000, 65536, PROT_READ|PROT_EXEC, MAP_PRIVATE|MAP_FIXED|MAP_DENYWRITE, 3, 0x4000) = 0x7fa3ab685000
mmap(0x7fa3ab695000, 12288, PROT_READ, MAP_PRIVATE|MAP_FIXED|MAP_DENYWRITE, 3, 0x14000) = 0x7fa3ab695000
mmap(0x7fa3ab699000, 8192, PROT_READ|PROT_WRITE, MAP_PRIVATE|MAP_FIXED|MAP_DENYWRITE, 3, 0x17000) = 0x7fa3ab699000
mmap(0x7fa3ab69b000, 6784, PROT_READ|PROT_WRITE, MAP_PRIVATE|MAP_FIXED|MAP_ANONYMOUS, -1, 0) = 0x7fa3ab69b000
close(3)                                = 0
openat(AT_FDCWD, "/lib/x86_64-linux-gnu/libsasl2.so.2", O_RDONLY|O_CLOEXEC) = 3
read(3, "\177ELF\2\1\1\0\0\0\0\0\0\0\0\0\3\0>\0\1\0\0\0\2008\0\0\0\0\0\0"..., 832) = 832
fstat(3, {st_mode=S_IFREG|0644, st_size=113552, ...}) = 0
mmap(NULL, 115688, PROT_READ, MAP_PRIVATE|MAP_DENYWRITE, 3, 0) = 0x7fa3ab664000
mmap(0x7fa3ab667000, 73728, PROT_READ|PROT_EXEC, MAP_PRIVATE|MAP_FIXED|MAP_DENYWRITE, 3, 0x3000) = 0x7fa3ab667000
mmap(0x7fa3ab679000, 24576, PROT_READ, MAP_PRIVATE|MAP_FIXED|MAP_DENYWRITE, 3, 0x15000) = 0x7fa3ab679000
mmap(0x7fa3ab67f000, 8192, PROT_READ|PROT_WRITE, MAP_PRIVATE|MAP_FIXED|MAP_DENYWRITE, 3, 0x1a000) = 0x7fa3ab67f000
close(3)                                = 0
openat(AT_FDCWD, "/lib/x86_64-linux-gnu/libgssapi.so.3", O_RDONLY|O_CLOEXEC) = 3
read(3, "\177ELF\2\1\1\0\0\0\0\0\0\0\0\0\3\0>\0\1\0\0\0 \367\0\0\0\0\0\0"..., 832) = 832
fstat(3, {st_mode=S_IFREG|0644, st_size=278160, ...}) = 0
mmap(NULL, 8192, PROT_READ|PROT_WRITE, MAP_PRIVATE|MAP_ANONYMOUS, -1, 0) = 0x7fa3ab662000
mmap(NULL, 280472, PROT_READ, MAP_PRIVATE|MAP_DENYWRITE, 3, 0) = 0x7fa3ab61d000
mmap(0x7fa3ab62a000, 167936, PROT_READ|PROT_EXEC, MAP_PRIVATE|MAP_FIXED|MAP_DENYWRITE, 3, 0xd000) = 0x7fa3ab62a000
mmap(0x7fa3ab653000, 45056, PROT_READ, MAP_PRIVATE|MAP_FIXED|MAP_DENYWRITE, 3, 0x36000) = 0x7fa3ab653000
mmap(0x7fa3ab65e000, 16384, PROT_READ|PROT_WRITE, MAP_PRIVATE|MAP_FIXED|MAP_DENYWRITE, 3, 0x40000) = 0x7fa3ab65e000
close(3)                                = 0
openat(AT_FDCWD, "/lib/x86_64-linux-gnu/libbrotlicommon.so.1", O_RDONLY|O_CLOEXEC) = 3
read(3, "\177ELF\2\1\1\0\0\0\0\0\0\0\0\0\3\0>\0\1\0\0\0\200\20\0\0\0\0\0\0"..., 832) = 832
fstat(3, {st_mode=S_IFREG|0644, st_size=137784, ...}) = 0
mmap(NULL, 139624, PROT_READ, MAP_PRIVATE|MAP_DENYWRITE, 3, 0) = 0x7fa3ab5fa000
mmap(0x7fa3ab5fb000, 4096, PROT_READ|PROT_EXEC, MAP_PRIVATE|MAP_FIXED|MAP_DENYWRITE, 3, 0x1000) = 0x7fa3ab5fb000
mmap(0x7fa3ab5fc000, 126976, PROT_READ, MAP_PRIVATE|MAP_FIXED|MAP_DENYWRITE, 3, 0x2000) = 0x7fa3ab5fc000
mmap(0x7fa3ab61b000, 8192, PROT_READ|PROT_WRITE, MAP_PRIVATE|MAP_FIXED|MAP_DENYWRITE, 3, 0x20000) = 0x7fa3ab61b000
close(3)                                = 0
openat(AT_FDCWD, "/lib/x86_64-linux-gnu/libp11-kit.so.0", O_RDONLY|O_CLOEXEC) = 3
read(3, "\177ELF\2\1\1\0\0\0\0\0\0\0\0\0\3\0>\0\1\0\0\0\340\273\2\0\0\0\0\0"..., 832) = 832
fstat(3, {st_mode=S_IFREG|0644, st_size=1265624, ...}) = 0
mmap(NULL, 1268992, PROT_READ, MAP_PRIVATE|MAP_DENYWRITE, 3, 0) = 0x7fa3ab4c4000
mmap(0x7fa3ab4ef000, 630784, PROT_READ|PROT_EXEC, MAP_PRIVATE|MAP_FIXED|MAP_DENYWRITE, 3, 0x2b000) = 0x7fa3ab4ef000
mmap(0x7fa3ab589000, 376832, PROT_READ, MAP_PRIVATE|MAP_FIXED|MAP_DENYWRITE, 3, 0xc5000) = 0x7fa3ab589000
mmap(0x7fa3ab5e5000, 86016, PROT_READ|PROT_WRITE, MAP_PRIVATE|MAP_FIXED|MAP_DENYWRITE, 3, 0x120000) = 0x7fa3ab5e5000
close(3)                                = 0
openat(AT_FDCWD, "/lib/x86_64-linux-gnu/libtasn1.so.6", O_RDONLY|O_CLOEXEC) = 3
read(3, "\177ELF\2\1\1\0\0\0\0\0\0\0\0\0\3\0>\0\1\0\0\0\2404\0\0\0\0\0\0"..., 832) = 832
fstat(3, {st_mode=S_IFREG|0644, st_size=84120, ...}) = 0
mmap(NULL, 86568, PROT_READ, MAP_PRIVATE|MAP_DENYWRITE, 3, 0) = 0x7fa3ab4ae000
mprotect(0x7fa3ab4b1000, 69632, PROT_NONE) = 0
mmap(0x7fa3ab4b1000, 49152, PROT_READ|PROT_EXEC, MAP_PRIVATE|MAP_FIXED|MAP_DENYWRITE, 3, 0x3000) = 0x7fa3ab4b1000
mmap(0x7fa3ab4bd000, 16384, PROT_READ, MAP_PRIVATE|MAP_FIXED|MAP_DENYWRITE, 3, 0xf000) = 0x7fa3ab4bd000
mmap(0x7fa3ab4c2000, 8192, PROT_READ|PROT_WRITE, MAP_PRIVATE|MAP_FIXED|MAP_DENYWRITE, 3, 0x13000) = 0x7fa3ab4c2000
close(3)                                = 0
openat(AT_FDCWD, "/lib/x86_64-linux-gnu/libkeyutils.so.1", O_RDONLY|O_CLOEXEC) = 3
read(3, "\177ELF\2\1\1\0\0\0\0\0\0\0\0\0\3\0>\0\1\0\0\0@\"\0\0\0\0\0\0"..., 832) = 832
fstat(3, {st_mode=S_IFREG|0644, st_size=22600, ...}) = 0
mmap(NULL, 24592, PROT_READ, MAP_PRIVATE|MAP_DENYWRITE, 3, 0) = 0x7fa3ab4a7000
mmap(0x7fa3ab4a9000, 8192, PROT_READ|PROT_EXEC, MAP_PRIVATE|MAP_FIXED|MAP_DENYWRITE, 3, 0x2000) = 0x7fa3ab4a9000
mmap(0x7fa3ab4ab000, 4096, PROT_READ, MAP_PRIVATE|MAP_FIXED|MAP_DENYWRITE, 3, 0x4000) = 0x7fa3ab4ab000
mmap(0x7fa3ab4ac000, 8192, PROT_READ|PROT_WRITE, MAP_PRIVATE|MAP_FIXED|MAP_DENYWRITE, 3, 0x4000) = 0x7fa3ab4ac000
close(3)                                = 0
openat(AT_FDCWD, "/lib/x86_64-linux-gnu/libheimntlm.so.0", O_RDONLY|O_CLOEXEC) = 3
read(3, "\177ELF\2\1\1\0\0\0\0\0\0\0\0\0\3\0>\0\1\0\0\0`6\0\0\0\0\0\0"..., 832) = 832
fstat(3, {st_mode=S_IFREG|0644, st_size=43712, ...}) = 0
mmap(NULL, 8192, PROT_READ|PROT_WRITE, MAP_PRIVATE|MAP_ANONYMOUS, -1, 0) = 0x7fa3ab4a5000
mmap(NULL, 45648, PROT_READ, MAP_PRIVATE|MAP_DENYWRITE, 3, 0) = 0x7fa3ab499000
mprotect(0x7fa3ab49c000, 28672, PROT_NONE) = 0
mmap(0x7fa3ab49c000, 16384, PROT_READ|PROT_EXEC, MAP_PRIVATE|MAP_FIXED|MAP_DENYWRITE, 3, 0x3000) = 0x7fa3ab49c000
mmap(0x7fa3ab4a0000, 8192, PROT_READ, MAP_PRIVATE|MAP_FIXED|MAP_DENYWRITE, 3, 0x7000) = 0x7fa3ab4a0000
mmap(0x7fa3ab4a3000, 8192, PROT_READ|PROT_WRITE, MAP_PRIVATE|MAP_FIXED|MAP_DENYWRITE, 3, 0x9000) = 0x7fa3ab4a3000
close(3)                                = 0
openat(AT_FDCWD, "/lib/x86_64-linux-gnu/libkrb5.so.26", O_RDONLY|O_CLOEXEC) = 3
read(3, "\177ELF\2\1\1\0\0\0\0\0\0\0\0\0\3\0>\0\1\0\0\0\360\363\1\0\0\0\0\0"..., 832) = 832
fstat(3, {st_mode=S_IFREG|0644, st_size=594104, ...}) = 0
mmap(NULL, 598928, PROT_READ, MAP_PRIVATE|MAP_DENYWRITE, 3, 0) = 0x7fa3ab406000
mmap(0x7fa3ab421000, 331776, PROT_READ|PROT_EXEC, MAP_PRIVATE|MAP_FIXED|MAP_DENYWRITE, 3, 0x1b000) = 0x7fa3ab421000
mmap(0x7fa3ab472000, 131072, PROT_READ, MAP_PRIVATE|MAP_FIXED|MAP_DENYWRITE, 3, 0x6c000) = 0x7fa3ab472000
mmap(0x7fa3ab492000, 24576, PROT_READ|PROT_WRITE, MAP_PRIVATE|MAP_FIXED|MAP_DENYWRITE, 3, 0x8b000) = 0x7fa3ab492000
mmap(0x7fa3ab498000, 912, PROT_READ|PROT_WRITE, MAP_PRIVATE|MAP_FIXED|MAP_ANONYMOUS, -1, 0) = 0x7fa3ab498000
close(3)                                = 0
openat(AT_FDCWD, "/lib/x86_64-linux-gnu/libasn1.so.8", O_RDONLY|O_CLOEXEC) = 3
read(3, "\177ELF\2\1\1\0\0\0\0\0\0\0\0\0\3\0>\0\1\0\0\0`\243\1\0\0\0\0\0"..., 832) = 832
fstat(3, {st_mode=S_IFREG|0644, st_size=678240, ...}) = 0
mmap(NULL, 680176, PROT_READ, MAP_PRIVATE|MAP_DENYWRITE, 3, 0) = 0x7fa3ab35f000
mprotect(0x7fa3ab379000, 561152, PROT_NONE) = 0
mmap(0x7fa3ab379000, 438272, PROT_READ|PROT_EXEC, MAP_PRIVATE|MAP_FIXED|MAP_DENYWRITE, 3, 0x1a000) = 0x7fa3ab379000
mmap(0x7fa3ab3e4000, 118784, PROT_READ, MAP_PRIVATE|MAP_FIXED|MAP_DENYWRITE, 3, 0x85000) = 0x7fa3ab3e4000
mmap(0x7fa3ab402000, 16384, PROT_READ|PROT_WRITE, MAP_PRIVATE|MAP_FIXED|MAP_DENYWRITE, 3, 0xa2000) = 0x7fa3ab402000
close(3)                                = 0
openat(AT_FDCWD, "/lib/x86_64-linux-gnu/libhcrypto.so.4", O_RDONLY|O_CLOEXEC) = 3
read(3, "\177ELF\2\1\1\0\0\0\0\0\0\0\0\0\3\0>\0\1\0\0\0 z\0\0\0\0\0\0"..., 832) = 832
fstat(3, {st_mode=S_IFREG|0644, st_size=221816, ...}) = 0
mmap(NULL, 227944, PROT_READ, MAP_PRIVATE|MAP_DENYWRITE, 3, 0) = 0x7fa3ab327000
mmap(0x7fa3ab32e000, 126976, PROT_READ|PROT_EXEC, MAP_PRIVATE|MAP_FIXED|MAP_DENYWRITE, 3, 0x7000) = 0x7fa3ab32e000
mmap(0x7fa3ab34d000, 57344, PROT_READ, MAP_PRIVATE|MAP_FIXED|MAP_DENYWRITE, 3, 0x26000) = 0x7fa3ab34d000
mmap(0x7fa3ab35b000, 12288, PROT_READ|PROT_WRITE, MAP_PRIVATE|MAP_FIXED|MAP_DENYWRITE, 3, 0x33000) = 0x7fa3ab35b000
mmap(0x7fa3ab35e000, 2664, PROT_READ|PROT_WRITE, MAP_PRIVATE|MAP_FIXED|MAP_ANONYMOUS, -1, 0) = 0x7fa3ab35e000
close(3)                                = 0
openat(AT_FDCWD, "/lib/x86_64-linux-gnu/libroken.so.18", O_RDONLY|O_CLOEXEC) = 3
read(3, "\177ELF\2\1\1\0\0\0\0\0\0\0\0\0\3\0>\0\1\0\0\0\200`\0\0\0\0\0\0"..., 832) = 832
fstat(3, {st_mode=S_IFREG|0644, st_size=97024, ...}) = 0
mmap(NULL, 99376, PROT_READ, MAP_PRIVATE|MAP_DENYWRITE, 3, 0) = 0x7fa3ab30e000
mprotect(0x7fa3ab313000, 73728, PROT_NONE) = 0
mmap(0x7fa3ab313000, 53248, PROT_READ|PROT_EXEC, MAP_PRIVATE|MAP_FIXED|MAP_DENYWRITE, 3, 0x5000) = 0x7fa3ab313000
mmap(0x7fa3ab320000, 16384, PROT_READ, MAP_PRIVATE|MAP_FIXED|MAP_DENYWRITE, 3, 0x12000) = 0x7fa3ab320000
mmap(0x7fa3ab325000, 8192, PROT_READ|PROT_WRITE, MAP_PRIVATE|MAP_FIXED|MAP_DENYWRITE, 3, 0x16000) = 0x7fa3ab325000
close(3)                                = 0
openat(AT_FDCWD, "/lib/x86_64-linux-gnu/libffi.so.7", O_RDONLY|O_CLOEXEC) = 3
read(3, "\177ELF\2\1\1\0\0\0\0\0\0\0\0\0\3\0>\0\1\0\0\0000\"\0\0\0\0\0\0"..., 832) = 832
fstat(3, {st_mode=S_IFREG|0644, st_size=43416, ...}) = 0
mmap(NULL, 46632, PROT_READ, MAP_PRIVATE|MAP_DENYWRITE, 3, 0) = 0x7fa3ab302000
mprotect(0x7fa3ab304000, 32768, PROT_NONE) = 0
mmap(0x7fa3ab304000, 24576, PROT_READ|PROT_EXEC, MAP_PRIVATE|MAP_FIXED|MAP_DENYWRITE, 3, 0x2000) = 0x7fa3ab304000
mmap(0x7fa3ab30a000, 4096, PROT_READ, MAP_PRIVATE|MAP_FIXED|MAP_DENYWRITE, 3, 0x8000) = 0x7fa3ab30a000
mmap(0x7fa3ab30c000, 8192, PROT_READ|PROT_WRITE, MAP_PRIVATE|MAP_FIXED|MAP_DENYWRITE, 3, 0x9000) = 0x7fa3ab30c000
close(3)                                = 0
mmap(NULL, 8192, PROT_READ|PROT_WRITE, MAP_PRIVATE|MAP_ANONYMOUS, -1, 0) = 0x7fa3ab300000
openat(AT_FDCWD, "/lib/x86_64-linux-gnu/libwind.so.0", O_RDONLY|O_CLOEXEC) = 3
read(3, "\177ELF\2\1\1\0\0\0\0\0\0\0\0\0\3\0>\0\1\0\0\0\200\21\0\0\0\0\0\0"..., 832) = 832
fstat(3, {st_mode=S_IFREG|0644, st_size=166040, ...}) = 0
mmap(NULL, 167984, PROT_READ, MAP_PRIVATE|MAP_DENYWRITE, 3, 0) = 0x7fa3ab2d6000
mmap(0x7fa3ab2d7000, 8192, PROT_READ|PROT_EXEC, MAP_PRIVATE|MAP_FIXED|MAP_DENYWRITE, 3, 0x1000) = 0x7fa3ab2d7000
mmap(0x7fa3ab2d9000, 151552, PROT_READ, MAP_PRIVATE|MAP_FIXED|MAP_DENYWRITE, 3, 0x3000) = 0x7fa3ab2d9000
mmap(0x7fa3ab2fe000, 8192, PROT_READ|PROT_WRITE, MAP_PRIVATE|MAP_FIXED|MAP_DENYWRITE, 3, 0x27000) = 0x7fa3ab2fe000
close(3)                                = 0
openat(AT_FDCWD, "/lib/x86_64-linux-gnu/libheimbase.so.1", O_RDONLY|O_CLOEXEC) = 3
read(3, "\177ELF\2\1\1\0\0\0\0\0\0\0\0\0\3\0>\0\1\0\0\0\3605\0\0\0\0\0\0"..., 832) = 832
fstat(3, {st_mode=S_IFREG|0644, st_size=68752, ...}) = 0
mmap(NULL, 71896, PROT_READ, MAP_PRIVATE|MAP_DENYWRITE, 3, 0) = 0x7fa3ab2c4000
mmap(0x7fa3ab2c7000, 36864, PROT_READ|PROT_EXEC, MAP_PRIVATE|MAP_FIXED|MAP_DENYWRITE, 3, 0x3000) = 0x7fa3ab2c7000
mmap(0x7fa3ab2d0000, 16384, PROT_READ, MAP_PRIVATE|MAP_FIXED|MAP_DENYWRITE, 3, 0xc000) = 0x7fa3ab2d0000
mmap(0x7fa3ab2d4000, 8192, PROT_READ|PROT_WRITE, MAP_PRIVATE|MAP_FIXED|MAP_DENYWRITE, 3, 0xf000) = 0x7fa3ab2d4000
close(3)                                = 0
openat(AT_FDCWD, "/lib/x86_64-linux-gnu/libhx509.so.5", O_RDONLY|O_CLOEXEC) = 3
read(3, "\177ELF\2\1\1\0\0\0\0\0\0\0\0\0\3\0>\0\1\0\0\0\340/\1\0\0\0\0\0"..., 832) = 832
fstat(3, {st_mode=S_IFREG|0644, st_size=313336, ...}) = 0
mmap(NULL, 316456, PROT_READ, MAP_PRIVATE|MAP_DENYWRITE, 3, 0) = 0x7fa3ab276000
mmap(0x7fa3ab286000, 167936, PROT_READ|PROT_EXEC, MAP_PRIVATE|MAP_FIXED|MAP_DENYWRITE, 3, 0x10000) = 0x7fa3ab286000
mmap(0x7fa3ab2af000, 65536, PROT_READ, MAP_PRIVATE|MAP_FIXED|MAP_DENYWRITE, 3, 0x39000) = 0x7fa3ab2af000
mmap(0x7fa3ab2bf000, 16384, PROT_READ|PROT_WRITE, MAP_PRIVATE|MAP_FIXED|MAP_DENYWRITE, 3, 0x48000) = 0x7fa3ab2bf000
mmap(0x7fa3ab2c3000, 1064, PROT_READ|PROT_WRITE, MAP_PRIVATE|MAP_FIXED|MAP_ANONYMOUS, -1, 0) = 0x7fa3ab2c3000
close(3)                                = 0
openat(AT_FDCWD, "/lib/x86_64-linux-gnu/libsqlite3.so.0", O_RDONLY|O_CLOEXEC) = 3
read(3, "\177ELF\2\1\1\0\0\0\0\0\0\0\0\0\3\0>\0\1\0\0\0\0\346\0\0\0\0\0\0"..., 832) = 832
fstat(3, {st_mode=S_IFREG|0644, st_size=1212216, ...}) = 0
mmap(NULL, 1216056, PROT_READ, MAP_PRIVATE|MAP_DENYWRITE, 3, 0) = 0x7fa3ab14d000
mprotect(0x7fa3ab15b000, 1134592, PROT_NONE) = 0
mmap(0x7fa3ab15b000, 917504, PROT_READ|PROT_EXEC, MAP_PRIVATE|MAP_FIXED|MAP_DENYWRITE, 3, 0xe000) = 0x7fa3ab15b000
mmap(0x7fa3ab23b000, 212992, PROT_READ, MAP_PRIVATE|MAP_FIXED|MAP_DENYWRITE, 3, 0xee000) = 0x7fa3ab23b000
mmap(0x7fa3ab270000, 24576, PROT_READ|PROT_WRITE, MAP_PRIVATE|MAP_FIXED|MAP_DENYWRITE, 3, 0x122000) = 0x7fa3ab270000
close(3)                                = 0
openat(AT_FDCWD, "/lib/x86_64-linux-gnu/libcrypt.so.1", O_RDONLY|O_CLOEXEC) = 3
read(3, "\177ELF\2\1\1\0\0\0\0\0\0\0\0\0\3\0>\0\1\0\0\0@ \0\0\0\0\0\0"..., 832) = 832
fstat(3, {st_mode=S_IFREG|0644, st_size=202760, ...}) = 0
mmap(NULL, 238280, PROT_READ, MAP_PRIVATE|MAP_DENYWRITE, 3, 0) = 0x7fa3ab112000
mmap(0x7fa3ab114000, 86016, PROT_READ|PROT_EXEC, MAP_PRIVATE|MAP_FIXED|MAP_DENYWRITE, 3, 0x2000) = 0x7fa3ab114000
mmap(0x7fa3ab129000, 106496, PROT_READ, MAP_PRIVATE|MAP_FIXED|MAP_DENYWRITE, 3, 0x17000) = 0x7fa3ab129000
mmap(0x7fa3ab143000, 8192, PROT_READ|PROT_WRITE, MAP_PRIVATE|MAP_FIXED|MAP_DENYWRITE, 3, 0x30000) = 0x7fa3ab143000
mmap(0x7fa3ab145000, 29384, PROT_READ|PROT_WRITE, MAP_PRIVATE|MAP_FIXED|MAP_ANONYMOUS, -1, 0) = 0x7fa3ab145000
close(3)                                = 0
openat(AT_FDCWD, "/lib/x86_64-linux-gnu/libm.so.6", O_RDONLY|O_CLOEXEC) = 3
read(3, "\177ELF\2\1\1\3\0\0\0\0\0\0\0\0\3\0>\0\1\0\0\0\300\363\0\0\0\0\0\0"..., 832) = 832
fstat(3, {st_mode=S_IFREG|0644, st_size=1369352, ...}) = 0
mmap(NULL, 8192, PROT_READ|PROT_WRITE, MAP_PRIVATE|MAP_ANONYMOUS, -1, 0) = 0x7fa3ab110000
mmap(NULL, 1368336, PROT_READ, MAP_PRIVATE|MAP_DENYWRITE, 3, 0) = 0x7fa3aafc1000
mmap(0x7fa3aafd0000, 684032, PROT_READ|PROT_EXEC, MAP_PRIVATE|MAP_FIXED|MAP_DENYWRITE, 3, 0xf000) = 0x7fa3aafd0000
mmap(0x7fa3ab077000, 618496, PROT_READ, MAP_PRIVATE|MAP_FIXED|MAP_DENYWRITE, 3, 0xb6000) = 0x7fa3ab077000
mmap(0x7fa3ab10e000, 8192, PROT_READ|PROT_WRITE, MAP_PRIVATE|MAP_FIXED|MAP_DENYWRITE, 3, 0x14c000) = 0x7fa3ab10e000
close(3)                                = 0
mmap(NULL, 8192, PROT_READ|PROT_WRITE, MAP_PRIVATE|MAP_ANONYMOUS, -1, 0) = 0x7fa3aafbf000
mmap(NULL, 8192, PROT_READ|PROT_WRITE, MAP_PRIVATE|MAP_ANONYMOUS, -1, 0) = 0x7fa3aafbd000
arch_prctl(ARCH_SET_FS, 0x7fa3aafbe340) = 0
mprotect(0x7fa3ac31b000, 12288, PROT_READ) = 0
mprotect(0x7fa3ab10e000, 4096, PROT_READ) = 0
mprotect(0x7fa3ab143000, 4096, PROT_READ) = 0
mprotect(0x7fa3ac342000, 4096, PROT_READ) = 0
mprotect(0x7fa3ac131000, 4096, PROT_READ) = 0
mprotect(0x7fa3ab270000, 12288, PROT_READ) = 0
mprotect(0x7fa3ab6b1000, 4096, PROT_READ) = 0
mprotect(0x7fa3ab699000, 4096, PROT_READ) = 0
mprotect(0x7fa3ab325000, 4096, PROT_READ) = 0
mprotect(0x7fa3ab402000, 4096, PROT_READ) = 0
mprotect(0x7fa3ab2d4000, 4096, PROT_READ) = 0
mprotect(0x7fa3ab35b000, 8192, PROT_READ) = 0
mprotect(0x7fa3ab2fe000, 4096, PROT_READ) = 0
mprotect(0x7fa3ab2bf000, 12288, PROT_READ) = 0
mprotect(0x7fa3ab30c000, 4096, PROT_READ) = 0
mprotect(0x7fa3ab492000, 16384, PROT_READ) = 0
mprotect(0x7fa3ab4a3000, 4096, PROT_READ) = 0
mprotect(0x7fa3ab4ac000, 4096, PROT_READ) = 0
mprotect(0x7fa3ab4c2000, 4096, PROT_READ) = 0
mprotect(0x7fa3ab5e5000, 45056, PROT_READ) = 0
mprotect(0x7fa3ab61b000, 4096, PROT_READ) = 0
mprotect(0x7fa3ab65e000, 8192, PROT_READ) = 0
mprotect(0x7fa3ab67f000, 4096, PROT_READ) = 0
mprotect(0x7fa3ab6aa000, 4096, PROT_READ) = 0
mprotect(0x7fa3ab6e1000, 4096, PROT_READ) = 0
mprotect(0x7fa3ab7b1000, 57344, PROT_READ) = 0
mprotect(0x7fa3ab845000, 4096, PROT_READ) = 0
mprotect(0x7fa3ab87e000, 8192, PROT_READ) = 0
mprotect(0x7fa3ab8b7000, 4096, PROT_READ) = 0
mprotect(0x7fa3abc0d000, 12288, PROT_READ) = 0
mprotect(0x7fa3ac100000, 4096, PROT_READ) = 0
mprotect(0x7fa3aba7c000, 61440, PROT_READ) = 0
mprotect(0x7fa3abc1f000, 4096, PROT_READ) = 0
mprotect(0x7fa3abc30000, 4096, PROT_READ) = 0
mprotect(0x7fa3abc83000, 8192, PROT_READ) = 0
mprotect(0x7fa3abcd1000, 8192, PROT_READ) = 0
mprotect(0x7fa3abf79000, 180224, PROT_READ) = 0
mprotect(0x7fa3ac033000, 36864, PROT_READ) = 0
mprotect(0x7fa3ac051000, 4096, PROT_READ) = 0
mprotect(0x7fa3ac362000, 4096, PROT_READ) = 0
mprotect(0x7fa3ac0bd000, 8192, PROT_READ) = 0
mprotect(0x7fa3ac0df000, 4096, PROT_READ) = 0
mprotect(0x7fa3ac127000, 12288, PROT_READ) = 0
mprotect(0x7fa3ac3f0000, 16384, PROT_READ) = 0
mprotect(0x7fa3ac418000, 4096, PROT_READ) = 0
mprotect(0x5654688c1000, 16384, PROT_READ) = 0
mprotect(0x7fa3ac449000, 4096, PROT_READ) = 0
munmap(0x7fa3ac3f5000, 127198)          = 0
set_tid_address(0x7fa3aafbe610)         = 29014
set_robust_list(0x7fa3aafbe620, 24)     = 0
rt_sigaction(SIGRTMIN, {sa_handler=0x7fa3ac32cbf0, sa_mask=[], sa_flags=SA_RESTORER|SA_SIGINFO, sa_restorer=0x7fa3ac33a3c0}, NULL, 8) = 0
rt_sigaction(SIGRT_1, {sa_handler=0x7fa3ac32cc90, sa_mask=[], sa_flags=SA_RESTORER|SA_RESTART|SA_SIGINFO, sa_restorer=0x7fa3ac33a3c0}, NULL, 8) = 0
rt_sigprocmask(SIG_UNBLOCK, [RTMIN RT_1], NULL, 8) = 0
prlimit64(0, RLIMIT_STACK, NULL, {rlim_cur=8192*1024, rlim_max=RLIM64_INFINITY}) = 0
brk(NULL)                               = 0x56546922b000
brk(0x56546924c000)                     = 0x56546924c000
getrandom("\x24", 1, GRND_NONBLOCK)     = 1
stat("/etc/gnutls/config", 0x7ffde757f820) = -1 ENOENT (No such file or directory)
pipe([3, 4])                            = 0
close(3)                                = 0
close(4)                                = 0
rt_sigaction(SIGPIPE, {sa_handler=SIG_IGN, sa_mask=[PIPE], sa_flags=SA_RESTORER|SA_RESTART, sa_restorer=0x7fa3ac179210}, {sa_handler=SIG_DFL, sa_mask=[], sa_flags=0}, 8) = 0
futex(0x7fa3abfa9818, FUTEX_WAKE_PRIVATE, 2147483647) = 0
futex(0x7fa3abfa980c, FUTEX_WAKE_PRIVATE, 2147483647) = 0
futex(0x7fa3abfa9804, FUTEX_WAKE_PRIVATE, 2147483647) = 0
futex(0x7fa3abfa6c5c, FUTEX_WAKE_PRIVATE, 2147483647) = 0
futex(0x7fa3abfa96c4, FUTEX_WAKE_PRIVATE, 2147483647) = 0
futex(0x7fa3abfa965c, FUTEX_WAKE_PRIVATE, 2147483647) = 0
futex(0x7fa3abfa9650, FUTEX_WAKE_PRIVATE, 2147483647) = 0
brk(0x56546926d000)                     = 0x56546926d000
futex(0x7fa3abfa97fc, FUTEX_WAKE_PRIVATE, 2147483647) = 0
futex(0x7fa3abfa97b8, FUTEX_WAKE_PRIVATE, 2147483647) = 0
futex(0x7fa3abfa97b0, FUTEX_WAKE_PRIVATE, 2147483647) = 0
openat(AT_FDCWD, "/usr/lib/ssl/openssl.cnf", O_RDONLY) = 3
fstat(3, {st_mode=S_IFREG|0644, st_size=10909, ...}) = 0
read(3, "#\n# OpenSSL example configuratio"..., 4096) = 4096
read(3, "# WARNING: ancient versions of N"..., 4096) = 4096
read(3, "es of the usage of nsCertType. I"..., 4096) = 2717
read(3, "", 4096)                       = 0
close(3)                                = 0
socket(AF_INET6, SOCK_DGRAM, IPPROTO_IP) = 3
close(3)                                = 0
openat(AT_FDCWD, "/usr/lib/locale/locale-archive", O_RDONLY|O_CLOEXEC) = 3
fstat(3, {st_mode=S_IFREG|0644, st_size=14537584, ...}) = 0
mmap(NULL, 14537584, PROT_READ, MAP_PRIVATE, 3, 0) = 0x7fa3aa1df000
close(3)                                = 0
openat(AT_FDCWD, "/home/denis/.curlrc", O_RDONLY) = -1 ENOENT (No such file or directory)
brk(0x56546928e000)                     = 0x56546928e000
rt_sigaction(SIGPIPE, NULL, {sa_handler=SIG_IGN, sa_mask=[PIPE], sa_flags=SA_RESTORER|SA_RESTART, sa_restorer=0x7fa3ac179210}, 8) = 0
rt_sigaction(SIGPIPE, {sa_handler=SIG_IGN, sa_mask=[PIPE], sa_flags=SA_RESTORER|SA_RESTART, sa_restorer=0x7fa3ac33a3c0}, NULL, 8) = 0
brk(0x56546928a000)                     = 0x56546928a000
brk(0x565469288000)                     = 0x565469288000
rt_sigaction(SIGPIPE, {sa_handler=SIG_IGN, sa_mask=[PIPE], sa_flags=SA_RESTORER|SA_RESTART, sa_restorer=0x7fa3ac33a3c0}, NULL, 8) = 0
ioctl(1, TCGETS, {B38400 opost isig icanon echo ...}) = 0
ioctl(0, TIOCGWINSZ, {ws_row=12, ws_col=84, ws_xpixel=0, ws_ypixel=0}) = 0
brk(0x5654692a9000)                     = 0x5654692a9000
socketpair(AF_UNIX, SOCK_STREAM, 0, [3, 4]) = 0
fcntl(3, F_GETFL)                       = 0x2 (flags O_RDWR)
fcntl(3, F_SETFL, O_RDWR|O_NONBLOCK)    = 0
fcntl(4, F_GETFL)                       = 0x2 (flags O_RDWR)
fcntl(4, F_SETFL, O_RDWR|O_NONBLOCK)    = 0
rt_sigaction(SIGPIPE, NULL, {sa_handler=SIG_IGN, sa_mask=[PIPE], sa_flags=SA_RESTORER|SA_RESTART, sa_restorer=0x7fa3ac33a3c0}, 8) = 0
rt_sigaction(SIGPIPE, {sa_handler=SIG_IGN, sa_mask=[PIPE], sa_flags=SA_RESTORER|SA_RESTART, sa_restorer=0x7fa3ac33a3c0}, NULL, 8) = 0
poll([{fd=3, events=POLLIN}], 1, 0)     = 0 (Timeout)
rt_sigaction(SIGPIPE, NULL, {sa_handler=SIG_IGN, sa_mask=[PIPE], sa_flags=SA_RESTORER|SA_RESTART, sa_restorer=0x7fa3ac33a3c0}, 8) = 0
rt_sigaction(SIGPIPE, {sa_handler=SIG_IGN, sa_mask=[PIPE], sa_flags=SA_RESTORER|SA_RESTART, sa_restorer=0x7fa3ac33a3c0}, NULL, 8) = 0
socketpair(AF_UNIX, SOCK_STREAM, 0, [5, 6]) = 0
mmap(NULL, 8392704, PROT_NONE, MAP_PRIVATE|MAP_ANONYMOUS|MAP_STACK, -1, 0) = 0x7fa3a99de000
mprotect(0x7fa3a99df000, 8388608, PROT_READ|PROT_WRITE) = 0
clone(child_stack=0x7fa3aa1ddd70, flags=CLONE_VM|CLONE_FS|CLONE_FILES|CLONE_SIGHAND|CLONE_THREAD|CLONE_SYSVSEM|CLONE_SETTLS|CLONE_PARENT_SETTID|CLONE_CHILD_CLEARTID, parent_tid=[29015], tls=0x7fa3aa1de700, child_tidptr=0x7fa3aa1de9d0) = 29015
rt_sigaction(SIGPIPE, {sa_handler=SIG_IGN, sa_mask=[PIPE], sa_flags=SA_RESTORER|SA_RESTART, sa_restorer=0x7fa3ac33a3c0}, NULL, 8) = 0
poll([{fd=5, events=POLLIN}, {fd=3, events=POLLIN}], 2, 1) = 0 (Timeout)
rt_sigaction(SIGPIPE, NULL, {sa_handler=SIG_IGN, sa_mask=[PIPE], sa_flags=SA_RESTORER|SA_RESTART, sa_restorer=0x7fa3ac33a3c0}, 8) = 0
rt_sigaction(SIGPIPE, {sa_handler=SIG_IGN, sa_mask=[PIPE], sa_flags=SA_RESTORER|SA_RESTART, sa_restorer=0x7fa3ac33a3c0}, NULL, 8) = 0
rt_sigaction(SIGPIPE, {sa_handler=SIG_IGN, sa_mask=[PIPE], sa_flags=SA_RESTORER|SA_RESTART, sa_restorer=0x7fa3ac33a3c0}, NULL, 8) = 0
poll([{fd=5, events=POLLIN}, {fd=3, events=POLLIN}], 2, 1) = 0 (Timeout)
rt_sigaction(SIGPIPE, NULL, {sa_handler=SIG_IGN, sa_mask=[PIPE], sa_flags=SA_RESTORER|SA_RESTART, sa_restorer=0x7fa3ac33a3c0}, 8) = 0
rt_sigaction(SIGPIPE, {sa_handler=SIG_IGN, sa_mask=[PIPE], sa_flags=SA_RESTORER|SA_RESTART, sa_restorer=0x7fa3ac33a3c0}, NULL, 8) = 0
rt_sigaction(SIGPIPE, {sa_handler=SIG_IGN, sa_mask=[PIPE], sa_flags=SA_RESTORER|SA_RESTART, sa_restorer=0x7fa3ac33a3c0}, NULL, 8) = 0
poll([{fd=5, events=POLLIN}, {fd=3, events=POLLIN}], 2, 1) = 1 ([{fd=5, revents=POLLIN}])
rt_sigaction(SIGPIPE, NULL, {sa_handler=SIG_IGN, sa_mask=[PIPE], sa_flags=SA_RESTORER|SA_RESTART, sa_restorer=0x7fa3ac33a3c0}, 8) = 0
rt_sigaction(SIGPIPE, {sa_handler=SIG_IGN, sa_mask=[PIPE], sa_flags=SA_RESTORER|SA_RESTART, sa_restorer=0x7fa3ac33a3c0}, NULL, 8) = 0
close(6)                                = 0
close(5)                                = 0
rt_sigaction(SIGPIPE, {sa_handler=SIG_IGN, sa_mask=[PIPE], sa_flags=SA_RESTORER|SA_RESTART, sa_restorer=0x7fa3ac33a3c0}, NULL, 8) = 0
rt_sigaction(SIGPIPE, {sa_handler=SIG_IGN, sa_mask=[PIPE], sa_flags=SA_RESTORER|SA_RESTART, sa_restorer=0x7fa3ac33a3c0}, NULL, 8) = 0
write(2, "c", 1c)                        = 1
write(2, "u", 1u)                        = 1
write(2, "r", 1r)                        = 1
write(2, "l", 1l)                        = 1
write(2, ":", 1:)                        = 1
write(2, " ", 1 )                        = 1
write(2, "(", 1()                        = 1
write(2, "6", 16)                        = 1
write(2, ")", 1))                        = 1
write(2, " ", 1 )                        = 1
write(2, "C", 1C)                        = 1
write(2, "o", 1o)                        = 1
write(2, "u", 1u)                        = 1
write(2, "l", 1l)                        = 1
write(2, "d", 1d)                        = 1
write(2, " ", 1 )                        = 1
write(2, "n", 1n)                        = 1
write(2, "o", 1o)                        = 1
write(2, "t", 1t)                        = 1
write(2, " ", 1 )                        = 1
write(2, "r", 1r)                        = 1
write(2, "e", 1e)                        = 1
write(2, "s", 1s)                        = 1
write(2, "o", 1o)                        = 1
write(2, "l", 1l)                        = 1
write(2, "v", 1v)                        = 1
write(2, "e", 1e)                        = 1
write(2, " ", 1 )                        = 1
write(2, "h", 1h)                        = 1
write(2, "o", 1o)                        = 1
write(2, "s", 1s)                        = 1
write(2, "t", 1t)                        = 1
write(2, ":", 1:)                        = 1
write(2, " ", 1 )                        = 1
write(2, "d", 1d)                        = 1
write(2, "u", 1u)                        = 1
write(2, "c", 1c)                        = 1
write(2, "k", 1k)                        = 1
write(2, "d", 1d)                        = 1
write(2, "u", 1u)                        = 1
write(2, "c", 1c)                        = 1
write(2, "k", 1k)                        = 1
write(2, "g", 1g)                        = 1
write(2, "o", 1o)                        = 1
write(2, ".", 1.)                        = 1
write(2, "c", 1c)                        = 1
write(2, "o", 1o)                        = 1
write(2, "m", 1m)                        = 1
write(2, "\n", 1
)                       = 1
rt_sigaction(SIGPIPE, NULL, {sa_handler=SIG_IGN, sa_mask=[PIPE], sa_flags=SA_RESTORER|SA_RESTART, sa_restorer=0x7fa3ac33a3c0}, 8) = 0
rt_sigaction(SIGPIPE, {sa_handler=SIG_IGN, sa_mask=[PIPE], sa_flags=SA_RESTORER|SA_RESTART, sa_restorer=0x7fa3ac33a3c0}, NULL, 8) = 0
rt_sigaction(SIGPIPE, NULL, {sa_handler=SIG_IGN, sa_mask=[PIPE], sa_flags=SA_RESTORER|SA_RESTART, sa_restorer=0x7fa3ac33a3c0}, 8) = 0
rt_sigaction(SIGPIPE, {sa_handler=SIG_IGN, sa_mask=[PIPE], sa_flags=SA_RESTORER|SA_RESTART, sa_restorer=0x7fa3ac33a3c0}, NULL, 8) = 0
brk(0x5654692a5000)                     = 0x5654692a5000
brk(0x5654692a4000)                     = 0x5654692a4000
rt_sigaction(SIGPIPE, {sa_handler=SIG_IGN, sa_mask=[PIPE], sa_flags=SA_RESTORER|SA_RESTART, sa_restorer=0x7fa3ac33a3c0}, NULL, 8) = 0
close(3)                                = 0
close(4)                                = 0
brk(0x56546928b000)                     = 0x56546928b000
brk(0x565469288000)                     = 0x565469288000
rt_sigaction(SIGPIPE, {sa_handler=SIG_IGN, sa_mask=[PIPE], sa_flags=SA_RESTORER|SA_RESTART, sa_restorer=0x7fa3ac33a3c0}, NULL, 8) = 0
rt_sigaction(SIGPIPE, NULL, {sa_handler=SIG_IGN, sa_mask=[PIPE], sa_flags=SA_RESTORER|SA_RESTART, sa_restorer=0x7fa3ac33a3c0}, 8) = 0
rt_sigaction(SIGPIPE, {sa_handler=SIG_IGN, sa_mask=[PIPE], sa_flags=SA_RESTORER|SA_RESTART, sa_restorer=0x7fa3ac33a3c0}, NULL, 8) = 0
rt_sigaction(SIGPIPE, {sa_handler=SIG_IGN, sa_mask=[PIPE], sa_flags=SA_RESTORER|SA_RESTART, sa_restorer=0x7fa3ac33a3c0}, NULL, 8) = 0
rt_sigaction(SIGPIPE, NULL, {sa_handler=SIG_IGN, sa_mask=[PIPE], sa_flags=SA_RESTORER|SA_RESTART, sa_restorer=0x7fa3ac33a3c0}, 8) = 0
rt_sigaction(SIGPIPE, {sa_handler=SIG_IGN, sa_mask=[PIPE], sa_flags=SA_RESTORER|SA_RESTART, sa_restorer=0x7fa3ac33a3c0}, NULL, 8) = 0
rt_sigaction(SIGPIPE, {sa_handler=SIG_IGN, sa_mask=[PIPE], sa_flags=SA_RESTORER|SA_RESTART, sa_restorer=0x7fa3ac33a3c0}, NULL, 8) = 0
brk(0x565469282000)                     = 0x565469282000
exit_group(6)                           = ?
+++ exited with 6 +++
